
bitinit version Xilinx EDK 14.7 Build EDK_P.20131013
Copyright (c) Xilinx Inc. 2002.

Parsing MHS File system.mhs...

Overriding IP level properties ...

Computing clock values...
INFO:EDK:740 - Cannot determine the input clock associated with port :
   ilmb_cntlr:BRAM_Clk_A. Clock DRCs will not be performed on this core and
   cores connected to it. 
INFO:EDK:740 - Cannot determine the input clock associated with port :
   dlmb_cntlr:BRAM_Clk_A. Clock DRCs will not be performed on this core and
   cores connected to it. 

Performing IP level DRCs on properties...

Running DRC Tcl procedures for OPTION IPLEVEL_DRC_PROC...
Address Map for Processor microblaze_0
  (0000000000-0x00007fff) dlmb_cntlr	dlmb
  (0000000000-0x00007fff) ilmb_cntlr	ilmb
  (0x860e0000-0x860e3fff) DIP_Switches_8Bits	mb_plb
  (0x861c0000-0x861c3fff) mdm_0	mb_plb
  (0x86380000-0x86387fff) PS2_Mouse_Keyboard	mb_plb
  (0x86544000-0x86547fff) Push_Buttons_4Bits	mb_plb
  (0x86700000-0x86707fff) xps_timer_0	mb_plb
  (0x868c8000-0x868cbfff) RS232_Uart_1	mb_plb
  (0x86a84000-0x86a87fff) xps_intc_0	mb_plb
  (0x86c44000-0x86c47fff) LEDs_8Bits	mb_plb
  (0x86e00000-0x86e0ffff) tft_controller	mb_plb
  (0x86f08000-0x86f0bfff) Digilent_SevSeg_Disp	mb_plb
  (0x90000000-0x90ffffff) Micron_RAM	mb_plb
INFO:EDK:4130 - IPNAME: microblaze, INSTANCE:microblaze_0 - tool is overriding
   PARAMETER C_DPLB_DWIDTH value to 64 -
   C:\Xilinx\14.7\ISE_DS\EDK\hw\XilinxProcessorIPLib\pcores\microblaze_v8_50_c\d
   ata\microblaze_v2_1_0.mpd line 204 
INFO:EDK:4130 - IPNAME: microblaze, INSTANCE:microblaze_0 - tool is overriding
   PARAMETER C_IPLB_DWIDTH value to 64 -
   C:\Xilinx\14.7\ISE_DS\EDK\hw\XilinxProcessorIPLib\pcores\microblaze_v8_50_c\d
   ata\microblaze_v2_1_0.mpd line 208 
INFO:EDK:4130 - IPNAME: plb_v46, INSTANCE:mb_plb - tool is overriding PARAMETER
   C_PLBV46_NUM_MASTERS value to 3 -
   C:\Xilinx\14.7\ISE_DS\EDK\hw\XilinxProcessorIPLib\pcores\plb_v46_v1_05_a\data
   \plb_v46_v2_1_0.mpd line 79 
INFO:EDK:4130 - IPNAME: plb_v46, INSTANCE:mb_plb - tool is overriding PARAMETER
   C_PLBV46_NUM_SLAVES value to 11 -
   C:\Xilinx\14.7\ISE_DS\EDK\hw\XilinxProcessorIPLib\pcores\plb_v46_v1_05_a\data
   \plb_v46_v2_1_0.mpd line 80 
INFO:EDK:4130 - IPNAME: lmb_v10, INSTANCE:ilmb - tool is overriding PARAMETER
   C_LMB_NUM_SLAVES value to 1 -
   C:\Xilinx\14.7\ISE_DS\EDK\hw\XilinxProcessorIPLib\pcores\lmb_v10_v2_00_b\data
   \lmb_v10_v2_1_0.mpd line 82 
INFO:EDK:4130 - IPNAME: lmb_v10, INSTANCE:dlmb - tool is overriding PARAMETER
   C_LMB_NUM_SLAVES value to 1 -
   C:\Xilinx\14.7\ISE_DS\EDK\hw\XilinxProcessorIPLib\pcores\lmb_v10_v2_00_b\data
   \lmb_v10_v2_1_0.mpd line 82 
INFO:EDK:4130 - IPNAME: bram_block, INSTANCE:lmb_bram - tool is overriding
   PARAMETER C_MEMSIZE value to 0x8000 -
   C:\Xilinx\14.7\ISE_DS\EDK\hw\XilinxProcessorIPLib\pcores\bram_block_v1_00_a\d
   ata\bram_block_v2_1_0.mpd line 78 
INFO:EDK:4130 - IPNAME: xps_uartlite, INSTANCE:RS232_Uart_1 - tool is overriding
   PARAMETER C_SPLB_DWIDTH value to 64 -
   C:\Xilinx\14.7\ISE_DS\EDK\hw\XilinxProcessorIPLib\pcores\xps_uartlite_v1_02_a
   \data\xps_uartlite_v2_1_0.mpd line 81 
INFO:EDK:4130 - IPNAME: xps_uartlite, INSTANCE:RS232_Uart_1 - tool is overriding
   PARAMETER C_SPLB_MID_WIDTH value to 2 -
   C:\Xilinx\14.7\ISE_DS\EDK\hw\XilinxProcessorIPLib\pcores\xps_uartlite_v1_02_a
   \data\xps_uartlite_v2_1_0.mpd line 83 
INFO:EDK:4130 - IPNAME: xps_uartlite, INSTANCE:RS232_Uart_1 - tool is overriding
   PARAMETER C_SPLB_NUM_MASTERS value to 3 -
   C:\Xilinx\14.7\ISE_DS\EDK\hw\XilinxProcessorIPLib\pcores\xps_uartlite_v1_02_a
   \data\xps_uartlite_v2_1_0.mpd line 84 
INFO:EDK:4130 - IPNAME: xps_gpio, INSTANCE:DIP_Switches_8Bits - tool is
   overriding PARAMETER C_SPLB_DWIDTH value to 64 -
   C:\Xilinx\14.7\ISE_DS\EDK\hw\XilinxProcessorIPLib\pcores\xps_gpio_v2_00_a\dat
   a\xps_gpio_v2_1_0.mpd line 79 
INFO:EDK:4130 - IPNAME: xps_gpio, INSTANCE:DIP_Switches_8Bits - tool is
   overriding PARAMETER C_SPLB_MID_WIDTH value to 2 -
   C:\Xilinx\14.7\ISE_DS\EDK\hw\XilinxProcessorIPLib\pcores\xps_gpio_v2_00_a\dat
   a\xps_gpio_v2_1_0.mpd line 81 
INFO:EDK:4130 - IPNAME: xps_gpio, INSTANCE:DIP_Switches_8Bits - tool is
   overriding PARAMETER C_SPLB_NUM_MASTERS value to 3 -
   C:\Xilinx\14.7\ISE_DS\EDK\hw\XilinxProcessorIPLib\pcores\xps_gpio_v2_00_a\dat
   a\xps_gpio_v2_1_0.mpd line 82 
INFO:EDK:4130 - IPNAME: xps_gpio, INSTANCE:LEDs_8Bits - tool is overriding
   PARAMETER C_SPLB_DWIDTH value to 64 -
   C:\Xilinx\14.7\ISE_DS\EDK\hw\XilinxProcessorIPLib\pcores\xps_gpio_v2_00_a\dat
   a\xps_gpio_v2_1_0.mpd line 79 
INFO:EDK:4130 - IPNAME: xps_gpio, INSTANCE:LEDs_8Bits - tool is overriding
   PARAMETER C_SPLB_MID_WIDTH value to 2 -
   C:\Xilinx\14.7\ISE_DS\EDK\hw\XilinxProcessorIPLib\pcores\xps_gpio_v2_00_a\dat
   a\xps_gpio_v2_1_0.mpd line 81 
INFO:EDK:4130 - IPNAME: xps_gpio, INSTANCE:LEDs_8Bits - tool is overriding
   PARAMETER C_SPLB_NUM_MASTERS value to 3 -
   C:\Xilinx\14.7\ISE_DS\EDK\hw\XilinxProcessorIPLib\pcores\xps_gpio_v2_00_a\dat
   a\xps_gpio_v2_1_0.mpd line 82 
INFO:EDK:4130 - IPNAME: xps_gpio, INSTANCE:Push_Buttons_4Bits - tool is
   overriding PARAMETER C_SPLB_DWIDTH value to 64 -
   C:\Xilinx\14.7\ISE_DS\EDK\hw\XilinxProcessorIPLib\pcores\xps_gpio_v2_00_a\dat
   a\xps_gpio_v2_1_0.mpd line 79 
INFO:EDK:4130 - IPNAME: xps_gpio, INSTANCE:Push_Buttons_4Bits - tool is
   overriding PARAMETER C_SPLB_MID_WIDTH value to 2 -
   C:\Xilinx\14.7\ISE_DS\EDK\hw\XilinxProcessorIPLib\pcores\xps_gpio_v2_00_a\dat
   a\xps_gpio_v2_1_0.mpd line 81 
INFO:EDK:4130 - IPNAME: xps_gpio, INSTANCE:Push_Buttons_4Bits - tool is
   overriding PARAMETER C_SPLB_NUM_MASTERS value to 3 -
   C:\Xilinx\14.7\ISE_DS\EDK\hw\XilinxProcessorIPLib\pcores\xps_gpio_v2_00_a\dat
   a\xps_gpio_v2_1_0.mpd line 82 
INFO:EDK:4130 - IPNAME: xps_ps2, INSTANCE:PS2_Mouse_Keyboard - tool is
   overriding PARAMETER C_SPLB_DWIDTH value to 64 -
   C:\Xilinx\14.7\ISE_DS\EDK\hw\XilinxProcessorIPLib\pcores\xps_ps2_v1_01_b\data
   \xps_ps2_v2_1_0.mpd line 78 
INFO:EDK:4130 - IPNAME: xps_ps2, INSTANCE:PS2_Mouse_Keyboard - tool is
   overriding PARAMETER C_SPLB_MID_WIDTH value to 2 -
   C:\Xilinx\14.7\ISE_DS\EDK\hw\XilinxProcessorIPLib\pcores\xps_ps2_v1_01_b\data
   \xps_ps2_v2_1_0.mpd line 80 
INFO:EDK:4130 - IPNAME: xps_ps2, INSTANCE:PS2_Mouse_Keyboard - tool is
   overriding PARAMETER C_SPLB_NUM_MASTERS value to 3 -
   C:\Xilinx\14.7\ISE_DS\EDK\hw\XilinxProcessorIPLib\pcores\xps_ps2_v1_01_b\data
   \xps_ps2_v2_1_0.mpd line 81 
INFO:EDK:4130 - IPNAME: xps_mch_emc, INSTANCE:Micron_RAM - tool is overriding
   PARAMETER C_SPLB_MID_WIDTH value to 2 -
   C:\Xilinx\14.7\ISE_DS\EDK\hw\XilinxProcessorIPLib\pcores\xps_mch_emc_v3_01_a\
   data\xps_mch_emc_v2_1_0.mpd line 88 
INFO:EDK:4130 - IPNAME: xps_mch_emc, INSTANCE:Micron_RAM - tool is overriding
   PARAMETER C_SPLB_NUM_MASTERS value to 3 -
   C:\Xilinx\14.7\ISE_DS\EDK\hw\XilinxProcessorIPLib\pcores\xps_mch_emc_v3_01_a\
   data\xps_mch_emc_v2_1_0.mpd line 89 
INFO:EDK:4130 - IPNAME: xps_mch_emc, INSTANCE:Micron_RAM - tool is overriding
   PARAMETER C_SPLB_DWIDTH value to 64 -
   C:\Xilinx\14.7\ISE_DS\EDK\hw\XilinxProcessorIPLib\pcores\xps_mch_emc_v3_01_a\
   data\xps_mch_emc_v2_1_0.mpd line 91 
INFO:EDK:4130 - IPNAME: ssg_decoder, INSTANCE:Digilent_SevSeg_Disp - tool is
   overriding PARAMETER C_SPLB_DWIDTH value to 64 -
   C:\Xilinx\Nexys3_BSB_Support_v_2_8\Nexys3_PLB_BSB_Support\lib\Digilent\pcores
   \ssg_decoder_v1_00_a\data\ssg_decoder_v2_1_0.mpd line 33 
INFO:EDK:4130 - IPNAME: ssg_decoder, INSTANCE:Digilent_SevSeg_Disp - tool is
   overriding PARAMETER C_SPLB_NUM_MASTERS value to 3 -
   C:\Xilinx\Nexys3_BSB_Support_v_2_8\Nexys3_PLB_BSB_Support\lib\Digilent\pcores
   \ssg_decoder_v1_00_a\data\ssg_decoder_v2_1_0.mpd line 34 
INFO:EDK:4130 - IPNAME: ssg_decoder, INSTANCE:Digilent_SevSeg_Disp - tool is
   overriding PARAMETER C_SPLB_MID_WIDTH value to 2 -
   C:\Xilinx\Nexys3_BSB_Support_v_2_8\Nexys3_PLB_BSB_Support\lib\Digilent\pcores
   \ssg_decoder_v1_00_a\data\ssg_decoder_v2_1_0.mpd line 35 
INFO:EDK:4130 - IPNAME: xps_timer, INSTANCE:xps_timer_0 - tool is overriding
   PARAMETER C_SPLB_DWIDTH value to 64 -
   C:\Xilinx\14.7\ISE_DS\EDK\hw\XilinxProcessorIPLib\pcores\xps_timer_v1_02_a\da
   ta\xps_timer_v2_1_0.mpd line 85 
INFO:EDK:4130 - IPNAME: xps_timer, INSTANCE:xps_timer_0 - tool is overriding
   PARAMETER C_SPLB_MID_WIDTH value to 2 -
   C:\Xilinx\14.7\ISE_DS\EDK\hw\XilinxProcessorIPLib\pcores\xps_timer_v1_02_a\da
   ta\xps_timer_v2_1_0.mpd line 87 
INFO:EDK:4130 - IPNAME: xps_timer, INSTANCE:xps_timer_0 - tool is overriding
   PARAMETER C_SPLB_NUM_MASTERS value to 3 -
   C:\Xilinx\14.7\ISE_DS\EDK\hw\XilinxProcessorIPLib\pcores\xps_timer_v1_02_a\da
   ta\xps_timer_v2_1_0.mpd line 88 
INFO:EDK:4130 - IPNAME: mdm, INSTANCE:mdm_0 - tool is overriding PARAMETER
   C_SPLB_DWIDTH value to 64 -
   C:\Xilinx\14.7\ISE_DS\EDK\hw\XilinxProcessorIPLib\pcores\mdm_v2_10_a\data\mdm
   _v2_1_0.mpd line 116 
INFO:EDK:4130 - IPNAME: mdm, INSTANCE:mdm_0 - tool is overriding PARAMETER
   C_SPLB_MID_WIDTH value to 2 -
   C:\Xilinx\14.7\ISE_DS\EDK\hw\XilinxProcessorIPLib\pcores\mdm_v2_10_a\data\mdm
   _v2_1_0.mpd line 118 
INFO:EDK:4130 - IPNAME: mdm, INSTANCE:mdm_0 - tool is overriding PARAMETER
   C_SPLB_NUM_MASTERS value to 3 -
   C:\Xilinx\14.7\ISE_DS\EDK\hw\XilinxProcessorIPLib\pcores\mdm_v2_10_a\data\mdm
   _v2_1_0.mpd line 119 
INFO:EDK:4130 - IPNAME: xps_intc, INSTANCE:xps_intc_0 - tool is overriding
   PARAMETER C_SPLB_DWIDTH value to 64 -
   C:\Xilinx\14.7\ISE_DS\EDK\hw\XilinxProcessorIPLib\pcores\xps_intc_v2_01_a\dat
   a\xps_intc_v2_1_0.mpd line 81 
INFO:EDK:4130 - IPNAME: xps_intc, INSTANCE:xps_intc_0 - tool is overriding
   PARAMETER C_SPLB_NUM_MASTERS value to 3 -
   C:\Xilinx\14.7\ISE_DS\EDK\hw\XilinxProcessorIPLib\pcores\xps_intc_v2_01_a\dat
   a\xps_intc_v2_1_0.mpd line 83 
INFO:EDK:4130 - IPNAME: xps_intc, INSTANCE:xps_intc_0 - tool is overriding
   PARAMETER C_SPLB_MID_WIDTH value to 2 -
   C:\Xilinx\14.7\ISE_DS\EDK\hw\XilinxProcessorIPLib\pcores\xps_intc_v2_01_a\dat
   a\xps_intc_v2_1_0.mpd line 84 
INFO:EDK:4130 - IPNAME: xps_tft, INSTANCE:tft_controller - tool is overriding
   PARAMETER C_SPLB_DWIDTH value to 64 -
   C:\Xilinx\14.7\ISE_DS\EDK\hw\XilinxProcessorIPLib\pcores\xps_tft_v2_01_a\data
   \xps_tft_v2_1_0.mpd line 91 
INFO:EDK:4130 - IPNAME: xps_tft, INSTANCE:tft_controller - tool is overriding
   PARAMETER C_SPLB_MID_WIDTH value to 2 -
   C:\Xilinx\14.7\ISE_DS\EDK\hw\XilinxProcessorIPLib\pcores\xps_tft_v2_01_a\data
   \xps_tft_v2_1_0.mpd line 93 
INFO:EDK:4130 - IPNAME: xps_tft, INSTANCE:tft_controller - tool is overriding
   PARAMETER C_SPLB_NUM_MASTERS value to 3 -
   C:\Xilinx\14.7\ISE_DS\EDK\hw\XilinxProcessorIPLib\pcores\xps_tft_v2_01_a\data
   \xps_tft_v2_1_0.mpd line 94 

Checking platform address map ...

Initializing Memory...
Running Data2Mem with the following command:
data2mem -bm "implementation/system_bd" -p xc6slx16csg324-3 -bt
"implementation/system.bit"  -bd "bootloops/microblaze_0.elf" tag microblaze_0 
-o b implementation/download.bit 
Memory Initialization completed successfully.

