Release 14.7 - platgen Xilinx EDK 14.7 Build EDK_P.20131013
 (nt64)
Copyright (c) 1995-2013 Xilinx, Inc.  All rights reserved.

Command Line: platgen -p xc6slx16csg324-3 -lang vhdl -intstyle default -lp
C:/Xilinx/Nexys3_BSB_Support_v_2_8/Nexys3_PLB_BSB_Support/lib/ -msg
__xps/ise/xmsgprops.lst system.mhs 

WARNING:EDK - INFO:Security:71 - If a license for part 'xc6slx16' is available,
   it will be possible to use 'XPS_TDP' instead of 'XPS'.
   WARNING:Security:42 - Your software subscription period has lapsed. Your
   current version of Xilinx tools will continue to function, but you no longer
   qualify for Xilinx software updates or new releases.


Parse C:/Users/qhsam/Desktop/last_time/system.mhs ...

Read MPD definitions ...

Overriding IP level properties ...

Computing clock values...
INFO:EDK:740 - Cannot determine the input clock associated with port :
   ilmb_cntlr:BRAM_Clk_A. Clock DRCs will not be performed on this core and
   cores connected to it. 
INFO:EDK:740 - Cannot determine the input clock associated with port :
   dlmb_cntlr:BRAM_Clk_A. Clock DRCs will not be performed on this core and
   cores connected to it. 

Performing IP level DRCs on properties...

Running DRC Tcl procedures for OPTION IPLEVEL_DRC_PROC...
Address Map for Processor microblaze_0
  (0000000000-0x00007fff) dlmb_cntlr	dlmb
  (0000000000-0x00007fff) ilmb_cntlr	ilmb
  (0x860e0000-0x860e3fff) DIP_Switches_8Bits	mb_plb
  (0x861c0000-0x861c3fff) mdm_0	mb_plb
  (0x86380000-0x86387fff) PS2_Mouse_Keyboard	mb_plb
  (0x86544000-0x86547fff) Push_Buttons_4Bits	mb_plb
  (0x86700000-0x86707fff) xps_timer_0	mb_plb
  (0x868c8000-0x868cbfff) RS232_Uart_1	mb_plb
  (0x86a84000-0x86a87fff) xps_intc_0	mb_plb
  (0x86c44000-0x86c47fff) LEDs_8Bits	mb_plb
  (0x86e00000-0x86e0ffff) tft_controller	mb_plb
  (0x86f08000-0x86f0bfff) Digilent_SevSeg_Disp	mb_plb
  (0x90000000-0x90ffffff) Micron_RAM	mb_plb
INFO:EDK:4130 - IPNAME: microblaze, INSTANCE:microblaze_0 - tool is overriding
   PARAMETER C_DPLB_DWIDTH value to 64 -
   C:\Xilinx\14.7\ISE_DS\EDK\hw\XilinxProcessorIPLib\pcores\microblaze_v8_50_c\d
   ata\microblaze_v2_1_0.mpd line 204 
INFO:EDK:4130 - IPNAME: microblaze, INSTANCE:microblaze_0 - tool is overriding
   PARAMETER C_IPLB_DWIDTH value to 64 -
   C:\Xilinx\14.7\ISE_DS\EDK\hw\XilinxProcessorIPLib\pcores\microblaze_v8_50_c\d
   ata\microblaze_v2_1_0.mpd line 208 
INFO:EDK:4130 - IPNAME: plb_v46, INSTANCE:mb_plb - tool is overriding PARAMETER
   C_PLBV46_NUM_MASTERS value to 3 -
   C:\Xilinx\14.7\ISE_DS\EDK\hw\XilinxProcessorIPLib\pcores\plb_v46_v1_05_a\data
   \plb_v46_v2_1_0.mpd line 79 
INFO:EDK:4130 - IPNAME: plb_v46, INSTANCE:mb_plb - tool is overriding PARAMETER
   C_PLBV46_NUM_SLAVES value to 11 -
   C:\Xilinx\14.7\ISE_DS\EDK\hw\XilinxProcessorIPLib\pcores\plb_v46_v1_05_a\data
   \plb_v46_v2_1_0.mpd line 80 
INFO:EDK:4130 - IPNAME: lmb_v10, INSTANCE:ilmb - tool is overriding PARAMETER
   C_LMB_NUM_SLAVES value to 1 -
   C:\Xilinx\14.7\ISE_DS\EDK\hw\XilinxProcessorIPLib\pcores\lmb_v10_v2_00_b\data
   \lmb_v10_v2_1_0.mpd line 82 
INFO:EDK:4130 - IPNAME: lmb_v10, INSTANCE:dlmb - tool is overriding PARAMETER
   C_LMB_NUM_SLAVES value to 1 -
   C:\Xilinx\14.7\ISE_DS\EDK\hw\XilinxProcessorIPLib\pcores\lmb_v10_v2_00_b\data
   \lmb_v10_v2_1_0.mpd line 82 
INFO:EDK:4130 - IPNAME: bram_block, INSTANCE:lmb_bram - tool is overriding
   PARAMETER C_MEMSIZE value to 0x8000 -
   C:\Xilinx\14.7\ISE_DS\EDK\hw\XilinxProcessorIPLib\pcores\bram_block_v1_00_a\d
   ata\bram_block_v2_1_0.mpd line 78 
INFO:EDK:4130 - IPNAME: xps_uartlite, INSTANCE:RS232_Uart_1 - tool is overriding
   PARAMETER C_SPLB_DWIDTH value to 64 -
   C:\Xilinx\14.7\ISE_DS\EDK\hw\XilinxProcessorIPLib\pcores\xps_uartlite_v1_02_a
   \data\xps_uartlite_v2_1_0.mpd line 81 
INFO:EDK:4130 - IPNAME: xps_uartlite, INSTANCE:RS232_Uart_1 - tool is overriding
   PARAMETER C_SPLB_MID_WIDTH value to 2 -
   C:\Xilinx\14.7\ISE_DS\EDK\hw\XilinxProcessorIPLib\pcores\xps_uartlite_v1_02_a
   \data\xps_uartlite_v2_1_0.mpd line 83 
INFO:EDK:4130 - IPNAME: xps_uartlite, INSTANCE:RS232_Uart_1 - tool is overriding
   PARAMETER C_SPLB_NUM_MASTERS value to 3 -
   C:\Xilinx\14.7\ISE_DS\EDK\hw\XilinxProcessorIPLib\pcores\xps_uartlite_v1_02_a
   \data\xps_uartlite_v2_1_0.mpd line 84 
INFO:EDK:4130 - IPNAME: xps_gpio, INSTANCE:DIP_Switches_8Bits - tool is
   overriding PARAMETER C_SPLB_DWIDTH value to 64 -
   C:\Xilinx\14.7\ISE_DS\EDK\hw\XilinxProcessorIPLib\pcores\xps_gpio_v2_00_a\dat
   a\xps_gpio_v2_1_0.mpd line 79 
INFO:EDK:4130 - IPNAME: xps_gpio, INSTANCE:DIP_Switches_8Bits - tool is
   overriding PARAMETER C_SPLB_MID_WIDTH value to 2 -
   C:\Xilinx\14.7\ISE_DS\EDK\hw\XilinxProcessorIPLib\pcores\xps_gpio_v2_00_a\dat
   a\xps_gpio_v2_1_0.mpd line 81 
INFO:EDK:4130 - IPNAME: xps_gpio, INSTANCE:DIP_Switches_8Bits - tool is
   overriding PARAMETER C_SPLB_NUM_MASTERS value to 3 -
   C:\Xilinx\14.7\ISE_DS\EDK\hw\XilinxProcessorIPLib\pcores\xps_gpio_v2_00_a\dat
   a\xps_gpio_v2_1_0.mpd line 82 
INFO:EDK:4130 - IPNAME: xps_gpio, INSTANCE:LEDs_8Bits - tool is overriding
   PARAMETER C_SPLB_DWIDTH value to 64 -
   C:\Xilinx\14.7\ISE_DS\EDK\hw\XilinxProcessorIPLib\pcores\xps_gpio_v2_00_a\dat
   a\xps_gpio_v2_1_0.mpd line 79 
INFO:EDK:4130 - IPNAME: xps_gpio, INSTANCE:LEDs_8Bits - tool is overriding
   PARAMETER C_SPLB_MID_WIDTH value to 2 -
   C:\Xilinx\14.7\ISE_DS\EDK\hw\XilinxProcessorIPLib\pcores\xps_gpio_v2_00_a\dat
   a\xps_gpio_v2_1_0.mpd line 81 
INFO:EDK:4130 - IPNAME: xps_gpio, INSTANCE:LEDs_8Bits - tool is overriding
   PARAMETER C_SPLB_NUM_MASTERS value to 3 -
   C:\Xilinx\14.7\ISE_DS\EDK\hw\XilinxProcessorIPLib\pcores\xps_gpio_v2_00_a\dat
   a\xps_gpio_v2_1_0.mpd line 82 
INFO:EDK:4130 - IPNAME: xps_gpio, INSTANCE:Push_Buttons_4Bits - tool is
   overriding PARAMETER C_SPLB_DWIDTH value to 64 -
   C:\Xilinx\14.7\ISE_DS\EDK\hw\XilinxProcessorIPLib\pcores\xps_gpio_v2_00_a\dat
   a\xps_gpio_v2_1_0.mpd line 79 
INFO:EDK:4130 - IPNAME: xps_gpio, INSTANCE:Push_Buttons_4Bits - tool is
   overriding PARAMETER C_SPLB_MID_WIDTH value to 2 -
   C:\Xilinx\14.7\ISE_DS\EDK\hw\XilinxProcessorIPLib\pcores\xps_gpio_v2_00_a\dat
   a\xps_gpio_v2_1_0.mpd line 81 
INFO:EDK:4130 - IPNAME: xps_gpio, INSTANCE:Push_Buttons_4Bits - tool is
   overriding PARAMETER C_SPLB_NUM_MASTERS value to 3 -
   C:\Xilinx\14.7\ISE_DS\EDK\hw\XilinxProcessorIPLib\pcores\xps_gpio_v2_00_a\dat
   a\xps_gpio_v2_1_0.mpd line 82 
INFO:EDK:4130 - IPNAME: xps_ps2, INSTANCE:PS2_Mouse_Keyboard - tool is
   overriding PARAMETER C_SPLB_DWIDTH value to 64 -
   C:\Xilinx\14.7\ISE_DS\EDK\hw\XilinxProcessorIPLib\pcores\xps_ps2_v1_01_b\data
   \xps_ps2_v2_1_0.mpd line 78 
INFO:EDK:4130 - IPNAME: xps_ps2, INSTANCE:PS2_Mouse_Keyboard - tool is
   overriding PARAMETER C_SPLB_MID_WIDTH value to 2 -
   C:\Xilinx\14.7\ISE_DS\EDK\hw\XilinxProcessorIPLib\pcores\xps_ps2_v1_01_b\data
   \xps_ps2_v2_1_0.mpd line 80 
INFO:EDK:4130 - IPNAME: xps_ps2, INSTANCE:PS2_Mouse_Keyboard - tool is
   overriding PARAMETER C_SPLB_NUM_MASTERS value to 3 -
   C:\Xilinx\14.7\ISE_DS\EDK\hw\XilinxProcessorIPLib\pcores\xps_ps2_v1_01_b\data
   \xps_ps2_v2_1_0.mpd line 81 
INFO:EDK:4130 - IPNAME: xps_mch_emc, INSTANCE:Micron_RAM - tool is overriding
   PARAMETER C_SPLB_MID_WIDTH value to 2 -
   C:\Xilinx\14.7\ISE_DS\EDK\hw\XilinxProcessorIPLib\pcores\xps_mch_emc_v3_01_a\
   data\xps_mch_emc_v2_1_0.mpd line 88 
INFO:EDK:4130 - IPNAME: xps_mch_emc, INSTANCE:Micron_RAM - tool is overriding
   PARAMETER C_SPLB_NUM_MASTERS value to 3 -
   C:\Xilinx\14.7\ISE_DS\EDK\hw\XilinxProcessorIPLib\pcores\xps_mch_emc_v3_01_a\
   data\xps_mch_emc_v2_1_0.mpd line 89 
INFO:EDK:4130 - IPNAME: xps_mch_emc, INSTANCE:Micron_RAM - tool is overriding
   PARAMETER C_SPLB_DWIDTH value to 64 -
   C:\Xilinx\14.7\ISE_DS\EDK\hw\XilinxProcessorIPLib\pcores\xps_mch_emc_v3_01_a\
   data\xps_mch_emc_v2_1_0.mpd line 91 
INFO:EDK:4130 - IPNAME: ssg_decoder, INSTANCE:Digilent_SevSeg_Disp - tool is
   overriding PARAMETER C_SPLB_DWIDTH value to 64 -
   C:\Xilinx\Nexys3_BSB_Support_v_2_8\Nexys3_PLB_BSB_Support\lib\Digilent\pcores
   \ssg_decoder_v1_00_a\data\ssg_decoder_v2_1_0.mpd line 33 
INFO:EDK:4130 - IPNAME: ssg_decoder, INSTANCE:Digilent_SevSeg_Disp - tool is
   overriding PARAMETER C_SPLB_NUM_MASTERS value to 3 -
   C:\Xilinx\Nexys3_BSB_Support_v_2_8\Nexys3_PLB_BSB_Support\lib\Digilent\pcores
   \ssg_decoder_v1_00_a\data\ssg_decoder_v2_1_0.mpd line 34 
INFO:EDK:4130 - IPNAME: ssg_decoder, INSTANCE:Digilent_SevSeg_Disp - tool is
   overriding PARAMETER C_SPLB_MID_WIDTH value to 2 -
   C:\Xilinx\Nexys3_BSB_Support_v_2_8\Nexys3_PLB_BSB_Support\lib\Digilent\pcores
   \ssg_decoder_v1_00_a\data\ssg_decoder_v2_1_0.mpd line 35 
INFO:EDK:4130 - IPNAME: xps_timer, INSTANCE:xps_timer_0 - tool is overriding
   PARAMETER C_SPLB_DWIDTH value to 64 -
   C:\Xilinx\14.7\ISE_DS\EDK\hw\XilinxProcessorIPLib\pcores\xps_timer_v1_02_a\da
   ta\xps_timer_v2_1_0.mpd line 85 
INFO:EDK:4130 - IPNAME: xps_timer, INSTANCE:xps_timer_0 - tool is overriding
   PARAMETER C_SPLB_MID_WIDTH value to 2 -
   C:\Xilinx\14.7\ISE_DS\EDK\hw\XilinxProcessorIPLib\pcores\xps_timer_v1_02_a\da
   ta\xps_timer_v2_1_0.mpd line 87 
INFO:EDK:4130 - IPNAME: xps_timer, INSTANCE:xps_timer_0 - tool is overriding
   PARAMETER C_SPLB_NUM_MASTERS value to 3 -
   C:\Xilinx\14.7\ISE_DS\EDK\hw\XilinxProcessorIPLib\pcores\xps_timer_v1_02_a\da
   ta\xps_timer_v2_1_0.mpd line 88 
INFO:EDK:4130 - IPNAME: mdm, INSTANCE:mdm_0 - tool is overriding PARAMETER
   C_SPLB_DWIDTH value to 64 -
   C:\Xilinx\14.7\ISE_DS\EDK\hw\XilinxProcessorIPLib\pcores\mdm_v2_10_a\data\mdm
   _v2_1_0.mpd line 116 
INFO:EDK:4130 - IPNAME: mdm, INSTANCE:mdm_0 - tool is overriding PARAMETER
   C_SPLB_MID_WIDTH value to 2 -
   C:\Xilinx\14.7\ISE_DS\EDK\hw\XilinxProcessorIPLib\pcores\mdm_v2_10_a\data\mdm
   _v2_1_0.mpd line 118 
INFO:EDK:4130 - IPNAME: mdm, INSTANCE:mdm_0 - tool is overriding PARAMETER
   C_SPLB_NUM_MASTERS value to 3 -
   C:\Xilinx\14.7\ISE_DS\EDK\hw\XilinxProcessorIPLib\pcores\mdm_v2_10_a\data\mdm
   _v2_1_0.mpd line 119 
INFO:EDK:4130 - IPNAME: xps_intc, INSTANCE:xps_intc_0 - tool is overriding
   PARAMETER C_SPLB_DWIDTH value to 64 -
   C:\Xilinx\14.7\ISE_DS\EDK\hw\XilinxProcessorIPLib\pcores\xps_intc_v2_01_a\dat
   a\xps_intc_v2_1_0.mpd line 81 
INFO:EDK:4130 - IPNAME: xps_intc, INSTANCE:xps_intc_0 - tool is overriding
   PARAMETER C_SPLB_NUM_MASTERS value to 3 -
   C:\Xilinx\14.7\ISE_DS\EDK\hw\XilinxProcessorIPLib\pcores\xps_intc_v2_01_a\dat
   a\xps_intc_v2_1_0.mpd line 83 
INFO:EDK:4130 - IPNAME: xps_intc, INSTANCE:xps_intc_0 - tool is overriding
   PARAMETER C_SPLB_MID_WIDTH value to 2 -
   C:\Xilinx\14.7\ISE_DS\EDK\hw\XilinxProcessorIPLib\pcores\xps_intc_v2_01_a\dat
   a\xps_intc_v2_1_0.mpd line 84 
INFO:EDK:4130 - IPNAME: xps_tft, INSTANCE:tft_controller - tool is overriding
   PARAMETER C_SPLB_DWIDTH value to 64 -
   C:\Xilinx\14.7\ISE_DS\EDK\hw\XilinxProcessorIPLib\pcores\xps_tft_v2_01_a\data
   \xps_tft_v2_1_0.mpd line 91 
INFO:EDK:4130 - IPNAME: xps_tft, INSTANCE:tft_controller - tool is overriding
   PARAMETER C_SPLB_MID_WIDTH value to 2 -
   C:\Xilinx\14.7\ISE_DS\EDK\hw\XilinxProcessorIPLib\pcores\xps_tft_v2_01_a\data
   \xps_tft_v2_1_0.mpd line 93 
INFO:EDK:4130 - IPNAME: xps_tft, INSTANCE:tft_controller - tool is overriding
   PARAMETER C_SPLB_NUM_MASTERS value to 3 -
   C:\Xilinx\14.7\ISE_DS\EDK\hw\XilinxProcessorIPLib\pcores\xps_tft_v2_01_a\data
   \xps_tft_v2_1_0.mpd line 94 

Checking platform address map ...

Checking platform configuration ...
IPNAME: plb_v46, INSTANCE: mb_plb - 3 master(s) : 11 slave(s) 
IPNAME: lmb_v10, INSTANCE: ilmb - 1 master(s) : 1 slave(s) 
IPNAME: lmb_v10, INSTANCE: dlmb - 1 master(s) : 1 slave(s) 

Checking port drivers...
WARNING:EDK:4181 - PORT: Peripheral_Reset, CONNECTOR: sys_periph_reset -
   floating connection - C:\Users\qhsam\Desktop\last_time\system.mhs line 299 
WARNING:EDK:4181 - PORT: TFT_DE, CONNECTOR: net_vcc - floating connection -
   C:\Users\qhsam\Desktop\last_time\system.mhs line 325 

Performing Clock DRCs...

Performing Reset DRCs...

Overriding system level properties...
INFO:EDK:4130 - IPNAME: microblaze, INSTANCE:microblaze_0 - tcl is overriding
   PARAMETER C_D_PLB value to 1 -
   C:\Xilinx\14.7\ISE_DS\EDK\hw\XilinxProcessorIPLib\pcores\microblaze_v8_50_c\d
   ata\microblaze_v2_1_0.mpd line 233 
INFO:EDK:4130 - IPNAME: microblaze, INSTANCE:microblaze_0 - tcl is overriding
   PARAMETER C_I_PLB value to 1 -
   C:\Xilinx\14.7\ISE_DS\EDK\hw\XilinxProcessorIPLib\pcores\microblaze_v8_50_c\d
   ata\microblaze_v2_1_0.mpd line 236 
INFO:EDK:4130 - IPNAME: microblaze, INSTANCE:microblaze_0 - tcl is overriding
   PARAMETER C_ADDR_TAG_BITS value to 0 -
   C:\Xilinx\14.7\ISE_DS\EDK\hw\XilinxProcessorIPLib\pcores\microblaze_v8_50_c\d
   ata\microblaze_v2_1_0.mpd line 337 
INFO:EDK:4130 - IPNAME: microblaze, INSTANCE:microblaze_0 - tcl is overriding
   PARAMETER C_DCACHE_ADDR_TAG value to 0 -
   C:\Xilinx\14.7\ISE_DS\EDK\hw\XilinxProcessorIPLib\pcores\microblaze_v8_50_c\d
   ata\microblaze_v2_1_0.mpd line 367 
INFO:EDK:4130 - IPNAME: microblaze, INSTANCE:microblaze_0 - tcl is overriding
   PARAMETER C_USE_INTERRUPT value to 1 -
   C:\Xilinx\14.7\ISE_DS\EDK\hw\XilinxProcessorIPLib\pcores\microblaze_v8_50_c\d
   ata\microblaze_v2_1_0.mpd line 401 
INFO:EDK:4130 - IPNAME: microblaze, INSTANCE:microblaze_0 - tcl is overriding
   PARAMETER C_USE_EXT_BRK value to 1 -
   C:\Xilinx\14.7\ISE_DS\EDK\hw\XilinxProcessorIPLib\pcores\microblaze_v8_50_c\d
   ata\microblaze_v2_1_0.mpd line 402 
INFO:EDK:4130 - IPNAME: microblaze, INSTANCE:microblaze_0 - tcl is overriding
   PARAMETER C_USE_EXT_NM_BRK value to 1 -
   C:\Xilinx\14.7\ISE_DS\EDK\hw\XilinxProcessorIPLib\pcores\microblaze_v8_50_c\d
   ata\microblaze_v2_1_0.mpd line 403 
INFO:EDK:4130 - IPNAME: lmb_bram_if_cntlr, INSTANCE:dlmb_cntlr - tcl is
   overriding PARAMETER C_MASK value to 0x80000000 -
   C:\Xilinx\14.7\ISE_DS\EDK\hw\XilinxProcessorIPLib\pcores\lmb_bram_if_cntlr_v3
   _10_c\data\lmb_bram_if_cntlr_v2_1_0.mpd line 92 
INFO:EDK:4130 - IPNAME: lmb_bram_if_cntlr, INSTANCE:ilmb_cntlr - tcl is
   overriding PARAMETER C_MASK value to 0x80000000 -
   C:\Xilinx\14.7\ISE_DS\EDK\hw\XilinxProcessorIPLib\pcores\lmb_bram_if_cntlr_v3
   _10_c\data\lmb_bram_if_cntlr_v2_1_0.mpd line 92 
INFO:EDK:4130 - IPNAME: xps_intc, INSTANCE:xps_intc_0 - tcl is overriding
   PARAMETER C_NUM_INTR_INPUTS value to 3 -
   C:\Xilinx\14.7\ISE_DS\EDK\hw\XilinxProcessorIPLib\pcores\xps_intc_v2_01_a\dat
   a\xps_intc_v2_1_0.mpd line 87 
INFO:EDK:4130 - IPNAME: xps_intc, INSTANCE:xps_intc_0 - tcl is overriding
   PARAMETER C_KIND_OF_INTR value to 0b11111111111111111111111111111100 -
   C:\Xilinx\14.7\ISE_DS\EDK\hw\XilinxProcessorIPLib\pcores\xps_intc_v2_01_a\dat
   a\xps_intc_v2_1_0.mpd line 88 
INFO:EDK:4130 - IPNAME: xps_intc, INSTANCE:xps_intc_0 - tcl is overriding
   PARAMETER C_KIND_OF_EDGE value to 0b11111111111111111111111111111111 -
   C:\Xilinx\14.7\ISE_DS\EDK\hw\XilinxProcessorIPLib\pcores\xps_intc_v2_01_a\dat
   a\xps_intc_v2_1_0.mpd line 89 
INFO:EDK:4130 - IPNAME: xps_intc, INSTANCE:xps_intc_0 - tcl is overriding
   PARAMETER C_KIND_OF_LVL value to 0b11111111111111111111111111111111 -
   C:\Xilinx\14.7\ISE_DS\EDK\hw\XilinxProcessorIPLib\pcores\xps_intc_v2_01_a\dat
   a\xps_intc_v2_1_0.mpd line 90 

Running system level update procedures...

Running UPDATE Tcl procedures for OPTION SYSLEVEL_UPDATE_PROC...

Running system level DRCs...

Performing System level DRCs on properties...

Running DRC Tcl procedures for OPTION SYSLEVEL_DRC_PROC...

Running UPDATE Tcl procedures for OPTION PLATGEN_SYSLEVEL_UPDATE_PROC...
INFO: The microblaze_0 core has constraints automatically generated by XPS in
implementation/microblaze_0_wrapper/microblaze_0_wrapper.ucf.
It can be overridden by constraints placed in the system.ucf file.

INFO: The ilmb core has constraints automatically generated by XPS in
implementation/ilmb_wrapper/ilmb_wrapper.ucf.
It can be overridden by constraints placed in the system.ucf file.

INFO: The dlmb core has constraints automatically generated by XPS in
implementation/dlmb_wrapper/dlmb_wrapper.ucf.
It can be overridden by constraints placed in the system.ucf file.

INFO: The tft_controller core has constraints automatically generated by XPS in
implementation/tft_controller_wrapper/tft_controller_wrapper.ucf.
It can be overridden by constraints placed in the system.ucf file.


Modify defaults ...

Creating stub ...

Processing licensed instances ...
Completion time: 0.00 seconds

Creating hardware output directories ...

Managing hardware (BBD-specified) netlist files ...

Managing cache ...
IPNAME:microblaze INSTANCE:microblaze_0 -
C:\Users\qhsam\Desktop\last_time\system.mhs line 51 - Copying cache
implementation netlist
IPNAME:plb_v46 INSTANCE:mb_plb - C:\Users\qhsam\Desktop\last_time\system.mhs
line 65 - Copying cache implementation netlist
IPNAME:lmb_v10 INSTANCE:ilmb - C:\Users\qhsam\Desktop\last_time\system.mhs line
72 - Copying cache implementation netlist
IPNAME:lmb_v10 INSTANCE:dlmb - C:\Users\qhsam\Desktop\last_time\system.mhs line
79 - Copying cache implementation netlist
IPNAME:lmb_bram_if_cntlr INSTANCE:dlmb_cntlr -
C:\Users\qhsam\Desktop\last_time\system.mhs line 86 - Copying cache
implementation netlist
IPNAME:lmb_bram_if_cntlr INSTANCE:ilmb_cntlr -
C:\Users\qhsam\Desktop\last_time\system.mhs line 95 - Copying cache
implementation netlist
IPNAME:bram_block INSTANCE:lmb_bram -
C:\Users\qhsam\Desktop\last_time\system.mhs line 104 - Copying cache
implementation netlist
IPNAME:xps_uartlite INSTANCE:rs232_uart_1 -
C:\Users\qhsam\Desktop\last_time\system.mhs line 111 - Copying cache
implementation netlist
IPNAME:xps_gpio INSTANCE:dip_switches_8bits -
C:\Users\qhsam\Desktop\last_time\system.mhs line 125 - Copying cache
implementation netlist
IPNAME:xps_gpio INSTANCE:leds_8bits -
C:\Users\qhsam\Desktop\last_time\system.mhs line 138 - Copying cache
implementation netlist
IPNAME:xps_gpio INSTANCE:push_buttons_4bits -
C:\Users\qhsam\Desktop\last_time\system.mhs line 151 - Copying cache
implementation netlist
IPNAME:xps_ps2 INSTANCE:ps2_mouse_keyboard -
C:\Users\qhsam\Desktop\last_time\system.mhs line 164 - Copying cache
implementation netlist
IPNAME:xps_mch_emc INSTANCE:micron_ram -
C:\Users\qhsam\Desktop\last_time\system.mhs line 179 - Copying cache
implementation netlist
IPNAME:ssg_decoder INSTANCE:digilent_sevseg_disp -
C:\Users\qhsam\Desktop\last_time\system.mhs line 209 - Copying cache
implementation netlist
IPNAME:mem_bus_mux INSTANCE:mem_bus_mux_0 -
C:\Users\qhsam\Desktop\last_time\system.mhs line 220 - Copying cache
implementation netlist
IPNAME:xps_timer INSTANCE:xps_timer_0 -
C:\Users\qhsam\Desktop\last_time\system.mhs line 245 - Copying cache
implementation netlist
IPNAME:mdm INSTANCE:mdm_0 - C:\Users\qhsam\Desktop\last_time\system.mhs line 277
- Copying cache implementation netlist
IPNAME:proc_sys_reset INSTANCE:proc_sys_reset_0 -
C:\Users\qhsam\Desktop\last_time\system.mhs line 289 - Copying cache
implementation netlist
IPNAME:xps_intc INSTANCE:xps_intc_0 -
C:\Users\qhsam\Desktop\last_time\system.mhs line 302 - Copying cache
implementation netlist
IPNAME:xps_tft INSTANCE:tft_controller -
C:\Users\qhsam\Desktop\last_time\system.mhs line 312 - Copying cache
implementation netlist

Elaborating instances ...
IPNAME:bram_block INSTANCE:lmb_bram -
C:\Users\qhsam\Desktop\last_time\system.mhs line 104 - elaborating IP
IPNAME:clock_generator INSTANCE:clock_generator_0 -
C:\Users\qhsam\Desktop\last_time\system.mhs line 257 - elaborating IP
ClkGen elaborate status: PASSED
----------------------------------------
----------------------------------------

Writing HDL for elaborated instances ...

Inserting wrapper level ...
Completion time: 2.00 seconds

Constructing platform-level connectivity ...
Completion time: 1.00 seconds

Writing (top-level) BMM ...

Writing (top-level and wrappers) HDL ...

Generating synthesis project file ...

Running XST synthesis ...

INFO:EDK:4211 - The following instances are synthesized with XST. The MPD option
   IMP_NETLIST=TRUE indicates that a NGC file is to be produced using XST
   synthesis. IMP_NETLIST=FALSE (default) instances are not synthesized. 
INSTANCE:clock_generator_0 - C:\Users\qhsam\Desktop\last_time\system.mhs line
257 - Running XST synthesis

Running NGCBUILD ...
IPNAME:system_clock_generator_0_wrapper INSTANCE:clock_generator_0 -
C:\Users\qhsam\Desktop\last_time\system.mhs line 257 - Running NGCBUILD
INFO:EDK:3509 - NCF files should not be modified as they will be regenerated.
   If any constraint needs to be overridden, this should be done by modifying
   the data/system.ucf file.

Rebuilding cache ...

Total run time: 98.00 seconds
