C:\Users\qhsam\Desktop\last_time\implementation\system.ngc 1456688392
C:/Users/qhsam/Desktop/last_time/implementation/system_dip_switches_8bits_wrapper.ngc 1456688194
C:/Users/qhsam/Desktop/last_time/implementation/system_push_buttons_4bits_wrapper.ngc 1456688194
C:/Users/qhsam/Desktop/last_time/implementation/system_rs232_uart_1_wrapper.ngc 1456688194
C:/Users/qhsam/Desktop/last_time/implementation/system_clock_generator_0_wrapper.ngc 1456688267
C:/Users/qhsam/Desktop/last_time/implementation/system_proc_sys_reset_0_wrapper.ngc 1456688194
C:/Users/qhsam/Desktop/last_time/implementation/system_microblaze_0_wrapper.ngc 1456688194
C:/Users/qhsam/Desktop/last_time/implementation/system_mb_plb_wrapper.ngc 1456688194
C:/Users/qhsam/Desktop/last_time/implementation/system_ilmb_wrapper.ngc 1456688194
C:/Users/qhsam/Desktop/last_time/implementation/system_dlmb_wrapper.ngc 1456688194
C:/Users/qhsam/Desktop/last_time/implementation/system_dlmb_cntlr_wrapper.ngc 1456688194
C:/Users/qhsam/Desktop/last_time/implementation/system_ilmb_cntlr_wrapper.ngc 1456688194
C:/Users/qhsam/Desktop/last_time/implementation/system_leds_8bits_wrapper.ngc 1456688194
C:/Users/qhsam/Desktop/last_time/implementation/system_ps2_mouse_keyboard_wrapper.ngc 1456688194
C:/Users/qhsam/Desktop/last_time/implementation/system_micron_ram_wrapper.ngc 1456688194
C:/Users/qhsam/Desktop/last_time/implementation/system_digilent_sevseg_disp_wrapper.ngc 1456688194
C:/Users/qhsam/Desktop/last_time/implementation/system_xps_timer_0_wrapper.ngc 1456688194
C:/Users/qhsam/Desktop/last_time/implementation/system_mdm_0_wrapper.ngc 1456688194
C:/Users/qhsam/Desktop/last_time/implementation/system_xps_intc_0_wrapper.ngc 1456688194
C:/Users/qhsam/Desktop/last_time/implementation/system_tft_controller_wrapper.ngc 1456688194
C:/Users/qhsam/Desktop/last_time/implementation/system_lmb_bram_wrapper.ngc 1456688194
C:/Users/qhsam/Desktop/last_time/implementation/system_mem_bus_mux_0_wrapper.ngc 1456688194
OK
