20:26:05.886 INFO  - Processing command line option -hwspec C:\Users\qhsam\Desktop\scoreboard\SDK\SDK_Export\hw\system.xml. 
20:31:11.153 INFO  - Successfully generated C:\Users\qhsam\Desktop\scoreboard\SDK\scorebd\src\lscript.ld. 
20:32:52.620 INFO  - FPGA configured successfully with bitstream "C:/Users/qhsam/Desktop/scoreboard/SDK/scoreboard_hw_platform/download.bit" 
21:03:16.674 ERROR - Unexpected error while parsing XMD response ?: com.google.gson.JsonSyntaxException: com.google.gson.stream.MalformedJsonException: invalid number or unquoted string near  
04:43:07 INFO  : Launching XSDB server: xsdb.bat C:/Xilinx/SDK/2015.4/scripts/xsdb/xsdb/xsdb-server.tcl
04:43:17 INFO  : XSDB server has started successfully.
04:43:19 ERROR : (XSDB Server)ERROR: [Hsi 55-1594] Core ps2 of version 2.00.a not found in repositories

04:43:19 ERROR : (XSDB Server)ERROR: [Hsi 55-1594] Core tft of version 3.02.a not found in repositories

04:43:19 ERROR : (XSDB Server)ERROR: [Hsi 55-1452] Error: running open_sw_design.

04:43:19 ERROR :  [Common 17-39] 'hsi::open_sw_design' failed due to earlier errors.
04:43:19 ERROR : (XSDB Server)ERROR: [Hsi 55-1594] Core ps2 of version 2.00.a not found in repositories

04:43:19 ERROR : (XSDB Server)ERROR: [Hsi 55-1594] Core tft of version 3.02.a not found in repositories
ERROR: [Hsi 55-1452] Error: running open_sw_design.

04:43:19 INFO  : Unable to read in MSS file C:\Users\qhsam\Desktop\scoreboard\SDK\standalone_bsp_0\system.mss : null
04:43:20 ERROR : (XSDB Server)ERROR: [Hsi 55-1594] Core ps2 of version 2.00.a not found in repositories

04:43:20 ERROR : (XSDB Server)ERROR: [Hsi 55-1594] Core tft of version 3.02.a not found in repositories
ERROR: [Hsi 55-1452] Error: running open_sw_design.

04:43:20 ERROR : Failed in generating sources
04:43:20 INFO  : BSP Project P/standalone_bsp_0 has been successfully migrated.
04:43:32 ERROR : (XSDB Server)ERROR: [Hsi 55-1594] Core ps2 of version 2.00.a not found in repositories

04:43:32 ERROR : (XSDB Server)ERROR: [Hsi 55-1594] Core tft of version 3.02.a not found in repositories

04:43:32 ERROR : (XSDB Server)ERROR: [Hsi 55-1452] Error: running open_sw_design.

04:43:32 ERROR :  [Common 17-39] 'hsi::open_sw_design' failed due to earlier errors.
04:43:32 ERROR : (XSDB Server)ERROR: [Hsi 55-1594] Core ps2 of version 2.00.a not found in repositories

04:43:32 ERROR : (XSDB Server)ERROR: [Hsi 55-1594] Core tft of version 3.02.a not found in repositories

04:43:32 ERROR : (XSDB Server)ERROR: [Hsi 55-1452] Error: running open_sw_design.

04:43:33 INFO  : Unable to read in MSS file C:\Users\qhsam\Desktop\scoreboard\SDK\standalone_bsp_0\system.mss : null
04:43:33 ERROR : (XSDB Server)ERROR: [Hsi 55-1594] Core ps2 of version 2.00.a not found in repositories

04:43:33 ERROR : (XSDB Server)ERROR: [Hsi 55-1594] Core tft of version 3.02.a not found in repositories

04:43:33 ERROR : (XSDB Server)ERROR: [Hsi 55-1452] Error: running open_sw_design.

04:43:33 ERROR : (XSDB Server)ERROR: [Hsi 55-1594] Core ps2 of version 2.00.a not found in repositories

04:43:33 ERROR : (XSDB Server)ERROR: [Hsi 55-1594] Core tft of version 3.02.a not found in repositories

04:43:33 ERROR : (XSDB Server)ERROR: [Hsi 55-1452] Error: running open_sw_design.

04:43:33 ERROR : Failed to get_connected_periphs
Reason: ERROR: [Common 17-55] 'get_property' expects at least one object.
Resolution: If [get_<value>] was used to populate the object, check to make sure this command returns at least one valid object.

04:43:49 ERROR : (XSDB Server)ERROR: [Hsi 55-1594] Core ps2 of version 2.00.a not found in repositories

04:43:49 ERROR : (XSDB Server)ERROR: [Hsi 55-1594] Core tft of version 3.02.a not found in repositories
ERROR: [Hsi 55-1452] Error: running open_sw_design.

04:43:49 ERROR :  [Common 17-39] 'hsi::open_sw_design' failed due to earlier errors.
04:43:49 ERROR : (XSDB Server)ERROR: [Hsi 55-1594] Core ps2 of version 2.00.a not found in repositories

04:43:49 ERROR : (XSDB Server)ERROR: [Hsi 55-1594] Core tft of version 3.02.a not found in repositories

04:43:49 ERROR : (XSDB Server)ERROR: [Hsi 55-1452] Error: running open_sw_design.

04:43:49 INFO  : Unable to read in MSS file C:\Users\qhsam\Desktop\scoreboard\SDK\standalone_bsp_0\system.mss : null
04:43:49 ERROR : (XSDB Server)ERROR: [Hsi 55-1594] Core ps2 of version 2.00.a not found in repositories

04:43:49 ERROR : (XSDB Server)ERROR: [Hsi 55-1594] Core tft of version 3.02.a not found in repositories

04:43:49 ERROR : (XSDB Server)ERROR: [Hsi 55-1452] Error: running open_sw_design.

04:43:50 ERROR : (XSDB Server)ERROR: [Hsi 55-1594] Core ps2 of version 2.00.a not found in repositories

04:43:50 ERROR : (XSDB Server)ERROR: [Hsi 55-1594] Core tft of version 3.02.a not found in repositories

04:43:50 ERROR : (XSDB Server)ERROR: [Hsi 55-1452] Error: running open_sw_design.

04:43:50 ERROR : Failed to get_connected_periphs
Reason: ERROR: [Common 17-55] 'get_property' expects at least one object.
Resolution: If [get_<value>] was used to populate the object, check to make sure this command returns at least one valid object.

04:47:12.825 INFO  - Processing command line option -hwspec C:\Users\qhsam\Desktop\scoreboard\SDK\SDK_Export\hw\system.xml. 
10:27:16.901 INFO  - Successfully generated C:\Users\qhsam\Desktop\scoreboard\SDK\scorebd\src\lscript.ld. 
10:29:52.467 INFO  - FPGA configured successfully with bitstream "C:/Users/qhsam/Desktop/scoreboard/SDK/scoreboard_hw_platform/download.bit" 
10:40:59.393 INFO  - FPGA configured successfully with bitstream "C:/Users/qhsam/Desktop/scoreboard/SDK/scoreboard_hw_platform/download.bit" 
10:43:19.721 INFO  - FPGA configured successfully with bitstream "C:/Users/qhsam/Desktop/scoreboard/SDK/scoreboard_hw_platform/download.bit" 
10:45:16.840 INFO  - FPGA configured successfully with bitstream "C:/Users/qhsam/Desktop/scoreboard/SDK/scoreboard_hw_platform/download.bit" 
10:52:26.739 INFO  - FPGA configured successfully with bitstream "C:/Users/qhsam/Desktop/scoreboard/SDK/scoreboard_hw_platform/download.bit" 
10:55:58.782 INFO  - FPGA configured successfully with bitstream "C:/Users/qhsam/Desktop/scoreboard/SDK/scoreboard_hw_platform/download.bit" 
10:58:03.960 INFO  - FPGA configured successfully with bitstream "C:/Users/qhsam/Desktop/scoreboard/SDK/scoreboard_hw_platform/download.bit" 
11:12:44.617 INFO  - FPGA configured successfully with bitstream "C:/Users/qhsam/Desktop/scoreboard/SDK/scoreboard_hw_platform/download.bit" 
11:14:34.751 INFO  - FPGA configured successfully with bitstream "C:/Users/qhsam/Desktop/scoreboard/SDK/scoreboard_hw_platform/download.bit" 
11:17:30.418 INFO  - FPGA configured successfully with bitstream "C:/Users/qhsam/Desktop/scoreboard/SDK/scoreboard_hw_platform/download.bit" 
11:24:11.781 INFO  - FPGA configured successfully with bitstream "C:/Users/qhsam/Desktop/scoreboard/SDK/scoreboard_hw_platform/download.bit" 
11:25:27.128 INFO  - FPGA configured successfully with bitstream "C:/Users/qhsam/Desktop/scoreboard/SDK/scoreboard_hw_platform/download.bit" 
11:27:06.629 INFO  - FPGA configured successfully with bitstream "C:/Users/qhsam/Desktop/scoreboard/SDK/scoreboard_hw_platform/download.bit" 
11:31:11.216 INFO  - FPGA configured successfully with bitstream "C:/Users/qhsam/Desktop/scoreboard/SDK/scoreboard_hw_platform/download.bit" 
11:32:29.495 INFO  - FPGA configured successfully with bitstream "C:/Users/qhsam/Desktop/scoreboard/SDK/scoreboard_hw_platform/download.bit" 
11:36:24.825 INFO  - FPGA configured successfully with bitstream "C:/Users/qhsam/Desktop/scoreboard/SDK/scoreboard_hw_platform/download.bit" 
11:39:56.724 INFO  - FPGA configured successfully with bitstream "C:/Users/qhsam/Desktop/scoreboard/SDK/scoreboard_hw_platform/download.bit" 
11:46:26.456 INFO  - FPGA configured successfully with bitstream "C:/Users/qhsam/Desktop/scoreboard/SDK/scoreboard_hw_platform/download.bit" 
11:54:23.905 INFO  - FPGA configured successfully with bitstream "C:/Users/qhsam/Desktop/scoreboard/SDK/scoreboard_hw_platform/download.bit" 
11:57:09.052 INFO  - FPGA configured successfully with bitstream "C:/Users/qhsam/Desktop/scoreboard/SDK/scoreboard_hw_platform/download.bit" 
11:58:45.085 INFO  - FPGA configured successfully with bitstream "C:/Users/qhsam/Desktop/scoreboard/SDK/scoreboard_hw_platform/download.bit" 
12:04:03.477 INFO  - FPGA configured successfully with bitstream "C:/Users/qhsam/Desktop/scoreboard/SDK/scoreboard_hw_platform/download.bit" 
12:07:52.669 INFO  - FPGA configured successfully with bitstream "C:/Users/qhsam/Desktop/scoreboard/SDK/scoreboard_hw_platform/download.bit" 
12:27:22.854 INFO  - FPGA configured successfully with bitstream "C:/Users/qhsam/Desktop/scoreboard/SDK/scoreboard_hw_platform/download.bit" 
12:34:20.572 INFO  - FPGA configured successfully with bitstream "C:/Users/qhsam/Desktop/scoreboard/SDK/scoreboard_hw_platform/download.bit" 
12:36:19.829 INFO  - FPGA configured successfully with bitstream "C:/Users/qhsam/Desktop/scoreboard/SDK/scoreboard_hw_platform/download.bit" 
12:49:41.134 INFO  - FPGA configured successfully with bitstream "C:/Users/qhsam/Desktop/scoreboard/SDK/scoreboard_hw_platform/download.bit" 
12:56:13.429 INFO  - FPGA configured successfully with bitstream "C:/Users/qhsam/Desktop/scoreboard/SDK/scoreboard_hw_platform/download.bit" 
12:58:34.895 INFO  - FPGA configured successfully with bitstream "C:/Users/qhsam/Desktop/scoreboard/SDK/scoreboard_hw_platform/download.bit" 
13:11:34.878 INFO  - FPGA configured successfully with bitstream "C:/Users/qhsam/Desktop/scoreboard/SDK/scoreboard_hw_platform/download.bit" 
13:16:15.616 INFO  - FPGA configured successfully with bitstream "C:/Users/qhsam/Desktop/scoreboard/SDK/scoreboard_hw_platform/download.bit" 
13:28:08.141 INFO  - FPGA configured successfully with bitstream "C:/Users/qhsam/Desktop/scoreboard/SDK/scoreboard_hw_platform/download.bit" 
13:42:24.414 INFO  - FPGA configured successfully with bitstream "C:/Users/qhsam/Desktop/scoreboard/SDK/scoreboard_hw_platform/download.bit" 
13:43:16.387 INFO  - FPGA configured successfully with bitstream "C:/Users/qhsam/Desktop/scoreboard/SDK/scoreboard_hw_platform/download.bit" 
15:05:59.021 INFO  - FPGA configured successfully with bitstream "C:/Users/qhsam/Desktop/scoreboard/SDK/scoreboard_hw_platform/download.bit" 
15:22:11.916 INFO  - FPGA configured successfully with bitstream "C:/Users/qhsam/Desktop/scoreboard/SDK/scoreboard_hw_platform/download.bit" 
15:23:06.805 INFO  - FPGA configured successfully with bitstream "C:/Users/qhsam/Desktop/scoreboard/SDK/scoreboard_hw_platform/download.bit" 
15:34:05.155 INFO  - FPGA configured successfully with bitstream "C:/Users/qhsam/Desktop/scoreboard/SDK/scoreboard_hw_platform/download.bit" 
16:09:46.886 INFO  - FPGA configured successfully with bitstream "C:/Users/qhsam/Desktop/scoreboard/SDK/scoreboard_hw_platform/download.bit" 
16:12:09.749 INFO  - FPGA configured successfully with bitstream "C:/Users/qhsam/Desktop/scoreboard/SDK/scoreboard_hw_platform/download.bit" 
16:15:36.787 INFO  - FPGA configured successfully with bitstream "C:/Users/qhsam/Desktop/scoreboard/SDK/scoreboard_hw_platform/download.bit" 
16:21:42.765 INFO  - FPGA configured successfully with bitstream "C:/Users/qhsam/Desktop/scoreboard/SDK/scoreboard_hw_platform/download.bit" 
16:28:14.792 INFO  - FPGA configured successfully with bitstream "C:/Users/qhsam/Desktop/scoreboard/SDK/scoreboard_hw_platform/download.bit" 
16:34:20.087 INFO  - FPGA configured successfully with bitstream "C:/Users/qhsam/Desktop/scoreboard/SDK/scoreboard_hw_platform/download.bit" 
16:36:39.838 INFO  - FPGA configured successfully with bitstream "C:/Users/qhsam/Desktop/scoreboard/SDK/scoreboard_hw_platform/download.bit" 
16:41:36.976 INFO  - FPGA configured successfully with bitstream "C:/Users/qhsam/Desktop/scoreboard/SDK/scoreboard_hw_platform/download.bit" 
16:47:19.254 ERROR - Unexpected error while parsing XMD response ?: com.google.gson.JsonSyntaxException: com.google.gson.stream.MalformedJsonException: invalid number or unquoted string near  
15:10:15.891 INFO  - FPGA configured successfully with bitstream "C:/Users/qhsam/Desktop/scoreboard/SDK/scoreboard_hw_platform/download.bit" 
20:44:08.122 ERROR - Unexpected error while parsing XMD response ?: com.google.gson.JsonSyntaxException: com.google.gson.stream.MalformedJsonException: invalid number or unquoted string near  
09:11:31 INFO  : Launching XSDB server: xsdb.bat C:/Xilinx/SDK/2015.4/scripts/xsdb/xsdb/xsdb-server.tcl
09:11:39 INFO  : XSDB server has started successfully.
09:11:41 ERROR : (XSDB Server)ERROR: [Hsi 55-1594] Core ps2 of version 2.00.a not found in repositories

09:11:41 ERROR : (XSDB Server)ERROR: [Hsi 55-1594] Core tft of version 3.02.a not found in repositories

09:11:41 ERROR : (XSDB Server)ERROR: [Hsi 55-1452] Error: running open_sw_design.

09:11:41 ERROR :  [Common 17-39] 'hsi::open_sw_design' failed due to earlier errors.
09:11:41 ERROR : (XSDB Server)ERROR: [Hsi 55-1594] Core ps2 of version 2.00.a not found in repositories

09:11:41 ERROR : (XSDB Server)ERROR: [Hsi 55-1594] Core tft of version 3.02.a not found in repositories

09:11:41 ERROR : (XSDB Server)ERROR: [Hsi 55-1452] Error: running open_sw_design.

09:11:41 INFO  : Unable to read in MSS file C:\Users\qhsam\Desktop\scoreboard\SDK\standalone_bsp_1\system.mss : null
09:11:42 ERROR : (XSDB Server)ERROR: [Hsi 55-1594] Core ps2 of version 2.00.a not found in repositories

09:11:42 ERROR : (XSDB Server)ERROR: [Hsi 55-1594] Core tft of version 3.02.a not found in repositories

09:11:42 ERROR : (XSDB Server)ERROR: [Hsi 55-1452] Error: running open_sw_design.

09:11:42 ERROR : Failed in generating sources
09:11:42 INFO  : BSP Project P/standalone_bsp_1 has been successfully migrated.
09:11:50 ERROR : (XSDB Server)ERROR: [Hsi 55-1594] Core ps2 of version 2.00.a not found in repositories

09:11:50 ERROR : (XSDB Server)ERROR: [Hsi 55-1594] Core tft of version 3.02.a not found in repositories
ERROR: [Hsi 55-1452] Error: running open_sw_design.

09:11:51 ERROR :  [Common 17-39] 'hsi::open_sw_design' failed due to earlier errors.
09:11:51 ERROR : (XSDB Server)ERROR: [Hsi 55-1594] Core ps2 of version 2.00.a not found in repositories

09:11:51 ERROR : (XSDB Server)ERROR: [Hsi 55-1594] Core tft of version 3.02.a not found in repositories

09:11:51 ERROR : (XSDB Server)ERROR: [Hsi 55-1452] Error: running open_sw_design.

09:11:51 INFO  : Unable to read in MSS file C:\Users\qhsam\Desktop\scoreboard\SDK\standalone_bsp_1\system.mss : null
09:11:51 ERROR : (XSDB Server)ERROR: [Hsi 55-1594] Core ps2 of version 2.00.a not found in repositories

09:11:51 ERROR : (XSDB Server)ERROR: [Hsi 55-1594] Core tft of version 3.02.a not found in repositories

09:11:51 ERROR : (XSDB Server)ERROR: [Hsi 55-1452] Error: running open_sw_design.

09:11:51 ERROR : (XSDB Server)ERROR: [Hsi 55-1594] Core ps2 of version 2.00.a not found in repositories

09:11:51 ERROR : (XSDB Server)ERROR: [Hsi 55-1594] Core tft of version 3.02.a not found in repositories

09:11:51 ERROR : (XSDB Server)ERROR: [Hsi 55-1452] Error: running open_sw_design.

09:11:51 ERROR : Failed to get_connected_periphs
Reason: ERROR: [Common 17-55] 'get_property' expects at least one object.
Resolution: If [get_<value>] was used to populate the object, check to make sure this command returns at least one valid object.

09:12:37 INFO  : Launching XSDB server: xsdb.bat C:/Xilinx/SDK/2015.4/scripts/xsdb/xsdb/xsdb-server.tcl
09:12:42 INFO  : XSDB server has started successfully.
09:12:43 ERROR : (XSDB Server)ERROR: [Hsi 55-1594] Core ps2 of version 2.00.a not found in repositories

09:12:43 ERROR : (XSDB Server)ERROR: [Hsi 55-1594] Core tft of version 3.02.a not found in repositories

09:12:43 ERROR : (XSDB Server)ERROR: [Hsi 55-1452] Error: running open_sw_design.

09:12:43 ERROR :  [Common 17-39] 'hsi::open_sw_design' failed due to earlier errors.
09:12:43 ERROR : (XSDB Server)ERROR: [Hsi 55-1594] Core ps2 of version 2.00.a not found in repositories

09:12:43 ERROR : (XSDB Server)ERROR: [Hsi 55-1594] Core tft of version 3.02.a not found in repositories

09:12:43 ERROR : (XSDB Server)ERROR: [Hsi 55-1452] Error: running open_sw_design.

09:12:43 INFO  : Unable to read in MSS file C:\Users\qhsam\Desktop\scoreboard\SDK\standalone_bsp_1\system.mss : null
09:12:43 ERROR : (XSDB Server)ERROR: [Hsi 55-1594] Core ps2 of version 2.00.a not found in repositories

09:12:43 ERROR : (XSDB Server)ERROR: [Hsi 55-1594] Core tft of version 3.02.a not found in repositories

09:12:43 ERROR : (XSDB Server)ERROR: [Hsi 55-1452] Error: running open_sw_design.

09:12:43 ERROR : Failed in generating sources
09:12:43 INFO  : BSP Project P/standalone_bsp_1 has been successfully migrated.
09:13:05 ERROR : (XSDB Server)ERROR: [Hsi 55-1594] Core ps2 of version 2.00.a not found in repositories

09:13:05 ERROR : (XSDB Server)ERROR: [Hsi 55-1594] Core tft of version 3.02.a not found in repositories
ERROR: [Hsi 55-1452] Error: running open_sw_design.

09:13:05 ERROR :  [Common 17-39] 'hsi::open_sw_design' failed due to earlier errors.
09:13:05 ERROR : (XSDB Server)ERROR: [Hsi 55-1594] Core ps2 of version 2.00.a not found in repositories

09:13:05 ERROR : (XSDB Server)ERROR: [Hsi 55-1594] Core tft of version 3.02.a not found in repositories

09:13:05 ERROR : (XSDB Server)ERROR: [Hsi 55-1452] Error: running open_sw_design.

09:13:05 INFO  : Unable to read in MSS file C:\Users\qhsam\Desktop\scoreboard\SDK\standalone_bsp_1\system.mss : null
09:13:05 ERROR : (XSDB Server)ERROR: [Hsi 55-1594] Core ps2 of version 2.00.a not found in repositories

09:13:05 ERROR : (XSDB Server)ERROR: [Hsi 55-1594] Core tft of version 3.02.a not found in repositories

09:13:05 ERROR : (XSDB Server)ERROR: [Hsi 55-1452] Error: running open_sw_design.

09:13:05 ERROR : (XSDB Server)ERROR: [Hsi 55-1594] Core ps2 of version 2.00.a not found in repositories

09:13:05 ERROR : (XSDB Server)ERROR: [Hsi 55-1594] Core tft of version 3.02.a not found in repositories

09:13:05 ERROR : (XSDB Server)ERROR: [Hsi 55-1452] Error: running open_sw_design.

09:13:05 ERROR : Failed to get_connected_periphs
Reason: ERROR: [Common 17-55] 'get_property' expects at least one object.
Resolution: If [get_<value>] was used to populate the object, check to make sure this command returns at least one valid object.

09:13:12 ERROR : (XSDB Server)ERROR: [Hsi 55-1594] Core ps2 of version 2.00.a not found in repositories

09:13:12 ERROR : (XSDB Server)ERROR: [Hsi 55-1594] Core tft of version 3.02.a not found in repositories

09:13:12 ERROR : (XSDB Server)ERROR: [Hsi 55-1452] Error: running open_sw_design.

09:13:12 ERROR :  [Common 17-39] 'hsi::open_sw_design' failed due to earlier errors.
09:13:12 ERROR : (XSDB Server)ERROR: [Hsi 55-1594] Core ps2 of version 2.00.a not found in repositories

09:13:12 ERROR : (XSDB Server)ERROR: [Hsi 55-1594] Core tft of version 3.02.a not found in repositories

09:13:12 ERROR : (XSDB Server)ERROR: [Hsi 55-1452] Error: running open_sw_design.

09:13:12 INFO  : Unable to read in MSS file C:\Users\qhsam\Desktop\scoreboard\SDK\standalone_bsp_1\system.mss : null
09:13:12 ERROR : (XSDB Server)ERROR: [Hsi 55-1594] Core ps2 of version 2.00.a not found in repositories

09:13:12 ERROR : (XSDB Server)ERROR: [Hsi 55-1594] Core tft of version 3.02.a not found in repositories

09:13:12 ERROR : (XSDB Server)ERROR: [Hsi 55-1452] Error: running open_sw_design.

09:13:12 ERROR : (XSDB Server)ERROR: [Hsi 55-1594] Core ps2 of version 2.00.a not found in repositories

09:13:12 ERROR : (XSDB Server)ERROR: [Hsi 55-1594] Core tft of version 3.02.a not found in repositories
ERROR: [Hsi 55-1452] Error: running open_sw_design.

09:13:13 ERROR : Failed to get_connected_periphs
Reason: ERROR: [Common 17-55] 'get_property' expects at least one object.
Resolution: If [get_<value>] was used to populate the object, check to make sure this command returns at least one valid object.

09:13:49 ERROR : (XSDB Server)ERROR: [Hsi 55-1594] Core ps2 of version 2.00.a not found in repositories

09:13:49 ERROR : (XSDB Server)ERROR: [Hsi 55-1594] Core tft of version 3.02.a not found in repositories
ERROR: [Hsi 55-1452] Error: running open_sw_design.

09:13:49 ERROR :  [Common 17-39] 'hsi::open_sw_design' failed due to earlier errors.
09:13:49 ERROR : (XSDB Server)ERROR: [Hsi 55-1594] Core ps2 of version 2.00.a not found in repositories

09:13:49 ERROR : (XSDB Server)ERROR: [Hsi 55-1594] Core tft of version 3.02.a not found in repositories

09:13:49 ERROR : (XSDB Server)ERROR: [Hsi 55-1452] Error: running open_sw_design.

09:13:50 INFO  : Unable to read in MSS file C:\Users\qhsam\Desktop\scoreboard\SDK\standalone_bsp_1\system.mss : null
09:13:50 ERROR : (XSDB Server)ERROR: [Hsi 55-1594] Core ps2 of version 2.00.a not found in repositories

09:13:50 ERROR : (XSDB Server)ERROR: [Hsi 55-1594] Core tft of version 3.02.a not found in repositories

09:13:50 ERROR : (XSDB Server)ERROR: [Hsi 55-1452] Error: running open_sw_design.

09:13:50 ERROR : (XSDB Server)ERROR: [Hsi 55-1594] Core ps2 of version 2.00.a not found in repositories

09:13:50 ERROR : (XSDB Server)ERROR: [Hsi 55-1594] Core tft of version 3.02.a not found in repositories

09:13:50 ERROR : (XSDB Server)ERROR: [Hsi 55-1452] Error: running open_sw_design.

09:13:50 ERROR : Failed to get_connected_periphs
Reason: ERROR: [Common 17-55] 'get_property' expects at least one object.
Resolution: If [get_<value>] was used to populate the object, check to make sure this command returns at least one valid object.

09:14:12 ERROR : (XSDB Server)ERROR: [Hsi 55-1594] Core ps2 of version 2.00.a not found in repositories

09:14:12 ERROR : (XSDB Server)ERROR: [Hsi 55-1594] Core tft of version 3.02.a not found in repositories
ERROR: [Hsi 55-1452] Error: running open_sw_design.

09:14:12 ERROR :  [Common 17-39] 'hsi::open_sw_design' failed due to earlier errors.
09:14:12 ERROR : (XSDB Server)ERROR: [Hsi 55-1594] Core ps2 of version 2.00.a not found in repositories

09:14:12 ERROR : (XSDB Server)ERROR: [Hsi 55-1594] Core tft of version 3.02.a not found in repositories

09:14:12 ERROR : (XSDB Server)ERROR: [Hsi 55-1452] Error: running open_sw_design.

09:14:12 INFO  : Unable to read in MSS file C:\Users\qhsam\Desktop\scoreboard\SDK\standalone_bsp_1\system.mss : null
09:14:18 ERROR : (XSDB Server)ERROR: [Hsi 55-1594] Core ps2 of version 2.00.a not found in repositories

09:14:18 ERROR : (XSDB Server)ERROR: [Hsi 55-1594] Core tft of version 3.02.a not found in repositories
ERROR: [Hsi 55-1452] Error: running open_sw_design.

09:14:18 ERROR :  [Common 17-39] 'hsi::open_sw_design' failed due to earlier errors.
09:14:18 ERROR : (XSDB Server)ERROR: [Hsi 55-1594] Core ps2 of version 2.00.a not found in repositories

09:14:18 ERROR : (XSDB Server)ERROR: [Hsi 55-1594] Core tft of version 3.02.a not found in repositories

09:14:18 ERROR : (XSDB Server)ERROR: [Hsi 55-1452] Error: running open_sw_design.

09:14:18 INFO  : Unable to read in MSS file C:\Users\qhsam\Desktop\scoreboard\SDK\standalone_bsp_1\system.mss : null
09:14:18 ERROR : (XSDB Server)ERROR: [Hsi 55-1594] Core ps2 of version 2.00.a not found in repositories

09:14:18 ERROR : (XSDB Server)ERROR: [Hsi 55-1594] Core tft of version 3.02.a not found in repositories

09:14:18 ERROR : (XSDB Server)ERROR: [Hsi 55-1452] Error: running open_sw_design.

09:14:18 ERROR : (XSDB Server)ERROR: [Hsi 55-1594] Core ps2 of version 2.00.a not found in repositories

09:14:18 ERROR : (XSDB Server)ERROR: [Hsi 55-1594] Core tft of version 3.02.a not found in repositories

09:14:18 ERROR : (XSDB Server)ERROR: [Hsi 55-1452] Error: running open_sw_design.

09:14:21 ERROR : (XSDB Server)ERROR: [Hsi 55-1594] Core ps2 of version 2.00.a not found in repositories

09:14:21 ERROR : (XSDB Server)ERROR: [Hsi 55-1594] Core tft of version 3.02.a not found in repositories
ERROR: [Hsi 55-1452] Error: running open_sw_design.

09:14:21 ERROR :  [Common 17-39] 'hsi::open_sw_design' failed due to earlier errors.
09:14:21 ERROR : (XSDB Server)ERROR: [Hsi 55-1594] Core ps2 of version 2.00.a not found in repositories

09:14:21 ERROR : (XSDB Server)ERROR: [Hsi 55-1594] Core tft of version 3.02.a not found in repositories

09:14:21 ERROR : (XSDB Server)ERROR: [Hsi 55-1452] Error: running open_sw_design.

09:14:22 INFO  : Unable to read in MSS file C:\Users\qhsam\Desktop\scoreboard\SDK\standalone_bsp_1\system.mss : null
09:14:22 ERROR : (XSDB Server)ERROR: [Hsi 55-1594] Core ps2 of version 2.00.a not found in repositories

09:14:22 ERROR : (XSDB Server)ERROR: [Hsi 55-1594] Core tft of version 3.02.a not found in repositories

09:14:22 ERROR : (XSDB Server)ERROR: [Hsi 55-1452] Error: running open_sw_design.

09:14:28 ERROR : (XSDB Server)ERROR: [Hsi 55-1594] Core ps2 of version 2.00.a not found in repositories

09:14:28 ERROR : (XSDB Server)ERROR: [Hsi 55-1594] Core tft of version 3.02.a not found in repositories
ERROR: [Hsi 55-1452] Error: running open_sw_design.

09:14:28 ERROR :  [Common 17-39] 'hsi::open_sw_design' failed due to earlier errors.
09:14:28 ERROR : (XSDB Server)ERROR: [Hsi 55-1594] Core ps2 of version 2.00.a not found in repositories

09:14:28 ERROR : (XSDB Server)ERROR: [Hsi 55-1594] Core tft of version 3.02.a not found in repositories

09:14:28 ERROR : (XSDB Server)ERROR: [Hsi 55-1452] Error: running open_sw_design.

09:14:28 INFO  : Unable to read in MSS file C:\Users\qhsam\Desktop\scoreboard\SDK\standalone_bsp_1\system.mss : null
09:14:28 ERROR : Unexpected error occurred during generating bsp sources
java.lang.reflect.InvocationTargetException
	at org.eclipse.jface.operation.ModalContext.run(ModalContext.java:421)
	at org.eclipse.jface.dialogs.ProgressMonitorDialog.run(ProgressMonitorDialog.java:507)
	at org.eclipse.ui.internal.progress.ProgressMonitorJobsDialog.run(ProgressMonitorJobsDialog.java:275)
	at org.eclipse.ui.internal.progress.ProgressManager$3.run(ProgressManager.java:960)
	at org.eclipse.swt.custom.BusyIndicator.showWhile(BusyIndicator.java:70)
	at org.eclipse.ui.internal.progress.ProgressManager.busyCursorWhile(ProgressManager.java:995)
	at org.eclipse.ui.internal.progress.ProgressManager.busyCursorWhile(ProgressManager.java:970)
	at org.eclipse.ui.internal.progress.ProgressManager.run(ProgressManager.java:1166)
	at com.xilinx.sdk.sw.ui.handlers.RegenBspSourcesHandler.execute(RegenBspSourcesHandler.java:124)
	at com.xilinx.sdk.sw.ui.internal.editors.MSSViewer$2.widgetSelected(MSSViewer.java:171)
	at org.eclipse.swt.widgets.TypedListener.handleEvent(TypedListener.java:248)
	at org.eclipse.swt.widgets.EventTable.sendEvent(EventTable.java:84)
	at org.eclipse.swt.widgets.Widget.sendEvent(Widget.java:1057)
	at org.eclipse.swt.widgets.Display.runDeferredEvents(Display.java:4170)
	at org.eclipse.swt.widgets.Display.readAndDispatch(Display.java:3759)
	at org.eclipse.e4.ui.internal.workbench.swt.PartRenderingEngine$9.run(PartRenderingEngine.java:1113)
	at org.eclipse.core.databinding.observable.Realm.runWithDefault(Realm.java:332)
	at org.eclipse.e4.ui.internal.workbench.swt.PartRenderingEngine.run(PartRenderingEngine.java:997)
	at org.eclipse.e4.ui.internal.workbench.E4Workbench.createAndRunUI(E4Workbench.java:140)
	at org.eclipse.ui.internal.Workbench$5.run(Workbench.java:611)
	at org.eclipse.core.databinding.observable.Realm.runWithDefault(Realm.java:332)
	at org.eclipse.ui.internal.Workbench.createAndRunWorkbench(Workbench.java:567)
	at org.eclipse.ui.PlatformUI.createAndRunWorkbench(PlatformUI.java:150)
	at org.eclipse.ui.internal.ide.application.IDEApplication.start(IDEApplication.java:124)
	at org.eclipse.equinox.internal.app.EclipseAppHandle.run(EclipseAppHandle.java:196)
	at org.eclipse.core.runtime.internal.adaptor.EclipseAppLauncher.runApplication(EclipseAppLauncher.java:110)
	at org.eclipse.core.runtime.internal.adaptor.EclipseAppLauncher.start(EclipseAppLauncher.java:79)
	at org.eclipse.core.runtime.adaptor.EclipseStarter.run(EclipseStarter.java:354)
	at org.eclipse.core.runtime.adaptor.EclipseStarter.run(EclipseStarter.java:181)
	at sun.reflect.NativeMethodAccessorImpl.invoke0(Native Method)
	at sun.reflect.NativeMethodAccessorImpl.invoke(NativeMethodAccessorImpl.java:62)
	at sun.reflect.DelegatingMethodAccessorImpl.invoke(DelegatingMethodAccessorImpl.java:43)
	at java.lang.reflect.Method.invoke(Method.java:497)
	at org.eclipse.equinox.launcher.Main.invokeFramework(Main.java:636)
	at org.eclipse.equinox.launcher.Main.basicRun(Main.java:591)
	at org.eclipse.equinox.launcher.Main.run(Main.java:1450)
Caused by: java.lang.IllegalArgumentException: Path must include project and resource name: /standalone_bsp_1
	at org.eclipse.core.runtime.Assert.isLegal(Assert.java:63)
	at org.eclipse.core.internal.resources.Workspace.newResource(Workspace.java:2164)
	at org.eclipse.core.internal.resources.Container.getFolder(Container.java:215)
	at com.xilinx.sdk.sw.ui.handlers.RegenBspSourcesHandler.internalGenerateBsp(RegenBspSourcesHandler.java:169)
	at com.xilinx.sdk.sw.ui.handlers.RegenBspSourcesHandler.access$2(RegenBspSourcesHandler.java:163)
	at com.xilinx.sdk.sw.ui.handlers.RegenBspSourcesHandler$1$1.run(RegenBspSourcesHandler.java:131)
	at org.eclipse.core.internal.resources.Workspace.run(Workspace.java:2345)
	at com.xilinx.sdk.sw.ui.handlers.RegenBspSourcesHandler$1.run(RegenBspSourcesHandler.java:135)
	at org.eclipse.jface.operation.ModalContext$ModalContextThread.run(ModalContext.java:121)
09:14:35 ERROR : (XSDB Server)ERROR: [Hsi 55-1594] Core ps2 of version 2.00.a not found in repositories

09:14:35 ERROR : (XSDB Server)ERROR: [Hsi 55-1594] Core tft of version 3.02.a not found in repositories
ERROR: [Hsi 55-1452] Error: running open_sw_design.

09:14:35 ERROR :  [Common 17-39] 'hsi::open_sw_design' failed due to earlier errors.
09:14:35 ERROR : (XSDB Server)ERROR: [Hsi 55-1594] Core ps2 of version 2.00.a not found in repositories

09:14:35 ERROR : (XSDB Server)ERROR: [Hsi 55-1594] Core tft of version 3.02.a not found in repositories

09:14:35 ERROR : (XSDB Server)ERROR: [Hsi 55-1452] Error: running open_sw_design.

09:14:35 INFO  : Unable to read in MSS file C:\Users\qhsam\Desktop\scoreboard\SDK\standalone_bsp_1\system.mss : null
09:18:05.141 INFO  - Processing command line option -hwspec C:\Users\qhsam\Desktop\scoreboard\SDK\SDK_Export\hw\system.xml. 
09:19:44.605 INFO  - Project standalone_bsp_1 was a BSP project. Please update references. 
09:19:44.605 ERROR - SDK has detected that project standalone_bsp_1 has been deleted (or renamed).
If this project was a BSP referenced by other C/C++ applications, then those applications will fail to build now. Please right click on those applications and click 'Change Referenced BSP' to update those projects' BSP references. 
10:32:20.593 INFO  - Successfully generated C:\Users\qhsam\Desktop\scoreboard\SDK\scorebd\src\lscript.ld. 
10:32:20.593 INFO  - Applying linker script to all configurations of project scorebd. 
10:32:20.593 INFO  - Setting rebuild state to true for all configurations of project scorebd. 
21:43:28.269 INFO  - Successfully generated C:\Users\qhsam\Desktop\scoreboard\SDK\scorebd\src\lscript.ld. 
21:43:51.231 INFO  - FPGA configured successfully with bitstream "C:/Users/qhsam/Desktop/scoreboard/SDK/scoreboard_hw_platform/download.bit" 
21:54:13.409 INFO  - FPGA configured successfully with bitstream "C:/Users/qhsam/Desktop/scoreboard/SDK/scoreboard_hw_platform/download.bit" 
21:55:05.234 INFO  - FPGA configured successfully with bitstream "C:/Users/qhsam/Desktop/scoreboard/SDK/scoreboard_hw_platform/download.bit" 
21:57:01.810 INFO  - FPGA configured successfully with bitstream "C:/Users/qhsam/Desktop/scoreboard/SDK/scoreboard_hw_platform/download.bit" 
22:05:10.775 INFO  - FPGA configured successfully with bitstream "C:/Users/qhsam/Desktop/scoreboard/SDK/scoreboard_hw_platform/download.bit" 
09:13:26.477 INFO  - FPGA configured successfully with bitstream "C:/Users/qhsam/Desktop/scoreboard/SDK/scoreboard_hw_platform/download.bit" 
09:14:30.583 INFO  - FPGA configured successfully with bitstream "C:/Users/qhsam/Desktop/scoreboard/SDK/scoreboard_hw_platform/download.bit" 
09:20:01.287 INFO  - FPGA configured successfully with bitstream "C:/Users/qhsam/Desktop/scoreboard/SDK/scoreboard_hw_platform/download.bit" 
09:21:03.683 INFO  - FPGA configured successfully with bitstream "C:/Users/qhsam/Desktop/scoreboard/SDK/scoreboard_hw_platform/download.bit" 
09:23:04.254 INFO  - FPGA configured successfully with bitstream "C:/Users/qhsam/Desktop/scoreboard/SDK/scoreboard_hw_platform/download.bit" 
09:42:53.949 INFO  - FPGA configured successfully with bitstream "C:/Users/qhsam/Desktop/scoreboard/SDK/scoreboard_hw_platform/download.bit" 
09:46:37.908 INFO  - FPGA configured successfully with bitstream "C:/Users/qhsam/Desktop/scoreboard/SDK/scoreboard_hw_platform/download.bit" 
09:58:11.279 INFO  - FPGA configured successfully with bitstream "C:/Users/qhsam/Desktop/scoreboard/SDK/scoreboard_hw_platform/download.bit" 
10:00:33.306 INFO  - FPGA configured successfully with bitstream "C:/Users/qhsam/Desktop/scoreboard/SDK/scoreboard_hw_platform/download.bit" 
10:16:11.467 INFO  - FPGA configured successfully with bitstream "C:/Users/qhsam/Desktop/scoreboard/SDK/scoreboard_hw_platform/download.bit" 
10:16:33.308 INFO  - FPGA configured successfully with bitstream "C:/Users/qhsam/Desktop/scoreboard/SDK/scoreboard_hw_platform/download.bit" 
10:39:18.833 INFO  - FPGA configured successfully with bitstream "C:/Users/qhsam/Desktop/scoreboard/SDK/scoreboard_hw_platform/download.bit" 
10:41:45.971 INFO  - FPGA configured successfully with bitstream "C:/Users/qhsam/Desktop/scoreboard/SDK/scoreboard_hw_platform/download.bit" 
10:52:00.157 INFO  - FPGA configured successfully with bitstream "C:/Users/qhsam/Desktop/scoreboard/SDK/scoreboard_hw_platform/download.bit" 
10:55:32.396 INFO  - FPGA configured successfully with bitstream "C:/Users/qhsam/Desktop/scoreboard/SDK/scoreboard_hw_platform/download.bit" 
10:58:28.099 INFO  - FPGA configured successfully with bitstream "C:/Users/qhsam/Desktop/scoreboard/SDK/scoreboard_hw_platform/download.bit" 
10:59:21.137 INFO  - FPGA configured successfully with bitstream "C:/Users/qhsam/Desktop/scoreboard/SDK/scoreboard_hw_platform/download.bit" 
11:28:09.555 INFO  - FPGA configured successfully with bitstream "C:/Users/qhsam/Desktop/scoreboard/SDK/scoreboard_hw_platform/download.bit" 
11:40:58.615 INFO  - FPGA configured successfully with bitstream "C:/Users/qhsam/Desktop/scoreboard/SDK/scoreboard_hw_platform/download.bit" 
11:55:35.770 INFO  - FPGA configured successfully with bitstream "C:/Users/qhsam/Desktop/scoreboard/SDK/scoreboard_hw_platform/download.bit" 
12:03:57.252 INFO  - FPGA configured successfully with bitstream "C:/Users/qhsam/Desktop/scoreboard/SDK/scoreboard_hw_platform/download.bit" 
12:13:33.051 INFO  - FPGA configured successfully with bitstream "C:/Users/qhsam/Desktop/scoreboard/SDK/scoreboard_hw_platform/download.bit" 
12:17:16.791 INFO  - FPGA configured successfully with bitstream "C:/Users/qhsam/Desktop/scoreboard/SDK/scoreboard_hw_platform/download.bit" 
12:22:18.156 INFO  - FPGA configured successfully with bitstream "C:/Users/qhsam/Desktop/scoreboard/SDK/scoreboard_hw_platform/download.bit" 
12:24:52.959 INFO  - FPGA configured successfully with bitstream "C:/Users/qhsam/Desktop/scoreboard/SDK/scoreboard_hw_platform/download.bit" 
17:42:42.016 INFO  - FPGA configured successfully with bitstream "C:/Users/qhsam/Desktop/scoreboard/SDK/scoreboard_hw_platform/download.bit" 
17:51:47.774 INFO  - FPGA configured successfully with bitstream "C:/Users/qhsam/Desktop/scoreboard/SDK/scoreboard_hw_platform/download.bit" 
18:18:30.273 INFO  - FPGA configured successfully with bitstream "C:/Users/qhsam/Desktop/scoreboard/SDK/scoreboard_hw_platform/download.bit" 
18:50:06.625 INFO  - FPGA configured successfully with bitstream "C:/Users/qhsam/Desktop/scoreboard/SDK/scoreboard_hw_platform/download.bit" 
18:54:14.884 INFO  - FPGA configured successfully with bitstream "C:/Users/qhsam/Desktop/scoreboard/SDK/scoreboard_hw_platform/download.bit" 
18:55:37.689 INFO  - FPGA configured successfully with bitstream "C:/Users/qhsam/Desktop/scoreboard/SDK/scoreboard_hw_platform/download.bit" 
19:04:40.942 INFO  - FPGA configured successfully with bitstream "C:/Users/qhsam/Desktop/scoreboard/SDK/scoreboard_hw_platform/download.bit" 
19:20:41.129 INFO  - FPGA configured successfully with bitstream "C:/Users/qhsam/Desktop/scoreboard/SDK/scoreboard_hw_platform/download.bit" 
19:25:52.162 INFO  - FPGA configured successfully with bitstream "C:/Users/qhsam/Desktop/scoreboard/SDK/scoreboard_hw_platform/download.bit" 
19:37:52.056 INFO  - FPGA configured successfully with bitstream "C:/Users/qhsam/Desktop/scoreboard/SDK/scoreboard_hw_platform/download.bit" 
19:39:41.528 INFO  - FPGA configured successfully with bitstream "C:/Users/qhsam/Desktop/scoreboard/SDK/scoreboard_hw_platform/download.bit" 
21:24:21.726 ERROR - Unexpected error while parsing XMD response ?: com.google.gson.JsonSyntaxException: com.google.gson.stream.MalformedJsonException: invalid number or unquoted string near  
